# Nmap 7.92 scan initiated Mon Jun 13 17:35:12 2022 as: nmap -sC -sV -sS -o nmap.out 10.10.201.120
Nmap scan report for 10.10.201.120
Host is up (0.20s latency).
Not shown: 988 closed tcp ports (reset)
PORT      STATE SERVICE        VERSION
135/tcp   open  msrpc          Microsoft Windows RPC
139/tcp   open  netbios-ssn    Microsoft Windows netbios-ssn
445/tcp   open  microsoft-ds   Windows 7 Professional 7601 Service Pack 1 microsoft-ds (workgroup: WORKGROUP)
3389/tcp  open  ms-wbt-server?
| ssl-cert: Subject: commonName=Dark-PC
| Not valid before: 2022-06-12T22:27:04
|_Not valid after:  2022-12-12T22:27:04
|_ssl-date: 2022-06-13T22:36:56+00:00; +2s from scanner time.
5357/tcp  open  http           Microsoft HTTPAPI httpd 2.0 (SSDP/UPnP)
|_http-server-header: Microsoft-HTTPAPI/2.0
|_http-title: Service Unavailable
8000/tcp  open  http           Icecast streaming media server
|_http-title: Site doesn't have a title (text/html).
49152/tcp open  msrpc          Microsoft Windows RPC
49153/tcp open  msrpc          Microsoft Windows RPC
49154/tcp open  msrpc          Microsoft Windows RPC
49158/tcp open  msrpc          Microsoft Windows RPC
49159/tcp open  msrpc          Microsoft Windows RPC
49160/tcp open  msrpc          Microsoft Windows RPC
Service Info: Host: DARK-PC; OS: Windows; CPE: cpe:/o:microsoft:windows

Host script results:
| smb-security-mode: 
|   account_used: guest
|   authentication_level: user
|   challenge_response: supported
|_  message_signing: disabled (dangerous, but default)
|_nbstat: NetBIOS name: DARK-PC, NetBIOS user: <unknown>, NetBIOS MAC: 02:e4:bb:0b:0b:9b (unknown)
|_clock-skew: mean: 1h15m01s, deviation: 2h30m00s, median: 0s
| smb2-security-mode: 
|   2.1: 
|_    Message signing enabled but not required
| smb-os-discovery: 
|   OS: Windows 7 Professional 7601 Service Pack 1 (Windows 7 Professional 6.1)
|   OS CPE: cpe:/o:microsoft:windows_7::sp1:professional
|   Computer name: Dark-PC
|   NetBIOS computer name: DARK-PC\x00
|   Workgroup: WORKGROUP\x00
|_  System time: 2022-06-13T17:36:50-05:00
| smb2-time: 
|   date: 2022-06-13T22:36:50
|_  start_date: 2022-06-13T22:27:01

Service detection performed. Please report any incorrect results at https://nmap.org/submit/ .
# Nmap done at Mon Jun 13 17:36:55 2022 -- 1 IP address (1 host up) scanned in 102.72 seconds
